<?xml version="1.0" encoding="UTF-8"?>
<!-- Generated by org.testng.reporters.JUnitXMLReporter -->
<testsuite ignored="0" hostname="DESKTOP-D6GSSDP" failures="0" tests="3" name="TestGC" time="31.329" errors="0" timestamp="2021-12-24T09:32:34 IST">
  <testcase classname="scripts.Demo" name="testA" time="0.012"/>
  <testcase classname="scripts.InvalidLogin" name="testInvalidLogin" time="2.862"/>
  <testcase classname="scripts.ValidLogin" name="testValidLogin" time="4.854"/>
</testsuite> <!-- TestGC -->
