<?xml version="1.0" encoding="UTF-8"?>
<!-- Generated by org.testng.reporters.JUnitXMLReporter -->
<testsuite ignored="0" hostname="DESKTOP-D6GSSDP" failures="0" tests="3" name="Test" time="29.84" errors="0" timestamp="2021-12-24T08:42:49 IST">
  <testcase classname="scripts.Demo" name="testA" time="1.082"/>
  <testcase classname="scripts.InvalidLogin" name="testInvalidLogin" time="1.894"/>
  <testcase classname="scripts.ValidLogin" name="testValidLogin" time="4.353"/>
</testsuite> <!-- Test -->
