<?xml version="1.0" encoding="UTF-8"?>
<!-- Generated by org.testng.reporters.JUnitXMLReporter -->
<testsuite ignored="0" hostname="DESKTOP-D6GSSDP" failures="0" tests="3" name="TestMFF" time="0.208" errors="0" timestamp="2021-12-24T09:32:34 IST">
  <testcase classname="generic.BaseTest" name="@BeforeMethod openApp" time="0.061">
    <failure type="org.openqa.selenium.WebDriverException" message="Cannot find firefox binary in PATH. Make sure firefox is installed. OS appears to be: WIN10
Build info: version: &amp;apos;4.1.1&amp;apos;, revision: &amp;apos;e8fcc2cecf&amp;apos;
System info: host: &amp;apos;DESKTOP-D6GSSDP&amp;apos;, ip: &amp;apos;192.168.0.105&amp;apos;, os.name: &amp;apos;Windows 10&amp;apos;, os.arch: &amp;apos;amd64&amp;apos;, os.version: &amp;apos;10.0&amp;apos;, java.version: &amp;apos;16.0.2&amp;apos;
Driver info: driver.version: FirefoxDriver">
      <![CDATA[org.openqa.selenium.WebDriverException: Cannot find firefox binary in PATH. Make sure firefox is installed. OS appears to be: WIN10
Build info: version: '4.1.1', revision: 'e8fcc2cecf'
System info: host: 'DESKTOP-D6GSSDP', ip: '192.168.0.105', os.name: 'Windows 10', os.arch: 'amd64', os.version: '10.0', java.version: '16.0.2'
Driver info: driver.version: FirefoxDriver
at org.openqa.selenium.firefox.FirefoxBinary.<init>(FirefoxBinary.java:95)
at java.base/java.util.Optional.orElseGet(Optional.java:364)
at org.openqa.selenium.firefox.FirefoxOptions.getBinary(FirefoxOptions.java:189)
at org.openqa.selenium.firefox.GeckoDriverService$Builder.withOptions(GeckoDriverService.java:179)
at org.openqa.selenium.firefox.FirefoxDriver.toExecutor(FirefoxDriver.java:232)
at org.openqa.selenium.firefox.FirefoxDriver.<init>(FirefoxDriver.java:186)
at org.openqa.selenium.firefox.FirefoxDriver.<init>(FirefoxDriver.java:164)
at generic.BaseTest.openApp(BaseTest.java:57)
at java.base/java.util.ArrayList.forEach(ArrayList.java:1511)
... Removed 31 stack frames]]>
    </failure>
  </testcase> <!-- @BeforeMethod openApp -->
  <testcase classname="generic.BaseTest" name="@AfterMethod closeApp" time="0.002">
    <failure type="java.lang.NullPointerException" message="Cannot invoke &amp;quot;org.openqa.selenium.WebDriver.quit()&amp;quot; because &amp;quot;this.driver&amp;quot; is null">
      <![CDATA[java.lang.NullPointerException: Cannot invoke "org.openqa.selenium.WebDriver.quit()" because "this.driver" is null
at generic.BaseTest.closeApp(BaseTest.java:83)
at java.base/java.util.ArrayList.forEach(ArrayList.java:1511)
... Removed 32 stack frames]]>
    </failure>
  </testcase> <!-- @AfterMethod closeApp -->
  <testcase classname="generic.BaseTest" name="@BeforeMethod openApp" time="0.01">
    <failure type="org.openqa.selenium.WebDriverException" message="Cannot find firefox binary in PATH. Make sure firefox is installed. OS appears to be: WIN10
Build info: version: &amp;apos;4.1.1&amp;apos;, revision: &amp;apos;e8fcc2cecf&amp;apos;
System info: host: &amp;apos;DESKTOP-D6GSSDP&amp;apos;, ip: &amp;apos;192.168.0.105&amp;apos;, os.name: &amp;apos;Windows 10&amp;apos;, os.arch: &amp;apos;amd64&amp;apos;, os.version: &amp;apos;10.0&amp;apos;, java.version: &amp;apos;16.0.2&amp;apos;
Driver info: driver.version: FirefoxDriver">
      <![CDATA[org.openqa.selenium.WebDriverException: Cannot find firefox binary in PATH. Make sure firefox is installed. OS appears to be: WIN10
Build info: version: '4.1.1', revision: 'e8fcc2cecf'
System info: host: 'DESKTOP-D6GSSDP', ip: '192.168.0.105', os.name: 'Windows 10', os.arch: 'amd64', os.version: '10.0', java.version: '16.0.2'
Driver info: driver.version: FirefoxDriver
at org.openqa.selenium.firefox.FirefoxBinary.<init>(FirefoxBinary.java:95)
at java.base/java.util.Optional.orElseGet(Optional.java:364)
at org.openqa.selenium.firefox.FirefoxOptions.getBinary(FirefoxOptions.java:189)
at org.openqa.selenium.firefox.GeckoDriverService$Builder.withOptions(GeckoDriverService.java:179)
at org.openqa.selenium.firefox.FirefoxDriver.toExecutor(FirefoxDriver.java:232)
at org.openqa.selenium.firefox.FirefoxDriver.<init>(FirefoxDriver.java:186)
at org.openqa.selenium.firefox.FirefoxDriver.<init>(FirefoxDriver.java:164)
at generic.BaseTest.openApp(BaseTest.java:57)
at java.base/java.util.ArrayList.forEach(ArrayList.java:1511)
... Removed 31 stack frames]]>
    </failure>
  </testcase> <!-- @BeforeMethod openApp -->
  <testcase classname="generic.BaseTest" name="@AfterMethod closeApp" time="0.002">
    <failure type="java.lang.NullPointerException" message="Cannot invoke &amp;quot;org.openqa.selenium.WebDriver.quit()&amp;quot; because &amp;quot;this.driver&amp;quot; is null">
      <![CDATA[java.lang.NullPointerException: Cannot invoke "org.openqa.selenium.WebDriver.quit()" because "this.driver" is null
at generic.BaseTest.closeApp(BaseTest.java:83)
at java.base/java.util.ArrayList.forEach(ArrayList.java:1511)
... Removed 32 stack frames]]>
    </failure>
  </testcase> <!-- @AfterMethod closeApp -->
  <testcase classname="generic.BaseTest" name="@BeforeMethod openApp" time="0.026">
    <failure type="org.openqa.selenium.WebDriverException" message="Cannot find firefox binary in PATH. Make sure firefox is installed. OS appears to be: WIN10
Build info: version: &amp;apos;4.1.1&amp;apos;, revision: &amp;apos;e8fcc2cecf&amp;apos;
System info: host: &amp;apos;DESKTOP-D6GSSDP&amp;apos;, ip: &amp;apos;192.168.0.105&amp;apos;, os.name: &amp;apos;Windows 10&amp;apos;, os.arch: &amp;apos;amd64&amp;apos;, os.version: &amp;apos;10.0&amp;apos;, java.version: &amp;apos;16.0.2&amp;apos;
Driver info: driver.version: FirefoxDriver">
      <![CDATA[org.openqa.selenium.WebDriverException: Cannot find firefox binary in PATH. Make sure firefox is installed. OS appears to be: WIN10
Build info: version: '4.1.1', revision: 'e8fcc2cecf'
System info: host: 'DESKTOP-D6GSSDP', ip: '192.168.0.105', os.name: 'Windows 10', os.arch: 'amd64', os.version: '10.0', java.version: '16.0.2'
Driver info: driver.version: FirefoxDriver
at org.openqa.selenium.firefox.FirefoxBinary.<init>(FirefoxBinary.java:95)
at java.base/java.util.Optional.orElseGet(Optional.java:364)
at org.openqa.selenium.firefox.FirefoxOptions.getBinary(FirefoxOptions.java:189)
at org.openqa.selenium.firefox.GeckoDriverService$Builder.withOptions(GeckoDriverService.java:179)
at org.openqa.selenium.firefox.FirefoxDriver.toExecutor(FirefoxDriver.java:232)
at org.openqa.selenium.firefox.FirefoxDriver.<init>(FirefoxDriver.java:186)
at org.openqa.selenium.firefox.FirefoxDriver.<init>(FirefoxDriver.java:164)
at generic.BaseTest.openApp(BaseTest.java:57)
at java.base/java.util.ArrayList.forEach(ArrayList.java:1511)
... Removed 31 stack frames]]>
    </failure>
  </testcase> <!-- @BeforeMethod openApp -->
  <testcase classname="generic.BaseTest" name="@AfterMethod closeApp" time="0.003">
    <failure type="java.lang.NullPointerException" message="Cannot invoke &amp;quot;org.openqa.selenium.WebDriver.quit()&amp;quot; because &amp;quot;this.driver&amp;quot; is null">
      <![CDATA[java.lang.NullPointerException: Cannot invoke "org.openqa.selenium.WebDriver.quit()" because "this.driver" is null
at generic.BaseTest.closeApp(BaseTest.java:83)
at java.base/java.util.ArrayList.forEach(ArrayList.java:1511)
... Removed 32 stack frames]]>
    </failure>
  </testcase> <!-- @AfterMethod closeApp -->
  <testcase classname="scripts.Demo" name="testA" time="0.0">
    <skipped/>
  </testcase> <!-- testA -->
  <testcase classname="scripts.InvalidLogin" name="testInvalidLogin" time="0.0">
    <skipped/>
  </testcase> <!-- testInvalidLogin -->
  <testcase classname="scripts.ValidLogin" name="testValidLogin" time="0.0">
    <skipped/>
  </testcase> <!-- testValidLogin -->
</testsuite> <!-- TestMFF -->
